[debug] [2024-04-03T02:21:40.579Z] ----------------------------------------------------------------------
[debug] [2024-04-03T02:21:40.581Z] Command:       C:\Program Files\nodejs\node.exe C:\Users\marte\AppData\Roaming\npm\node_modules\firebase-tools\lib\bin\firebase.js init
[debug] [2024-04-03T02:21:40.582Z] CLI Version:   13.6.1
[debug] [2024-04-03T02:21:40.582Z] Platform:      win32
[debug] [2024-04-03T02:21:40.583Z] Node Version:  v18.13.0
[debug] [2024-04-03T02:21:40.584Z] Time:          Tue Apr 02 2024 22:21:40 GMT-0400 (Eastern Daylight Time)
[debug] [2024-04-03T02:21:40.584Z] ----------------------------------------------------------------------
[debug] 
[debug] [2024-04-03T02:21:40.587Z] >>> [apiv2][query] GET https://firebase-public.firebaseio.com/cli.json [none]
[debug] [2024-04-03T02:21:40.659Z] > command requires scopes: ["email","openid","https://www.googleapis.com/auth/cloudplatformprojects.readonly","https://www.googleapis.com/auth/firebase","https://www.googleapis.com/auth/cloud-platform"]
[debug] [2024-04-03T02:21:40.660Z] > authorizing via signed-in user (martensalec@gmail.com)
[info] 
     ######## #### ########  ######## ########     ###     ######  ########
     ##        ##  ##     ## ##       ##     ##  ##   ##  ##       ##
     ######    ##  ########  ######   ########  #########  ######  ######
     ##        ##  ##    ##  ##       ##     ## ##     ##       ## ##
     ##       #### ##     ## ######## ########  ##     ##  ######  ########

You're about to initialize a Firebase project in this directory:

  C:\Users\marte\OneDrive\Documents\Code\alecmartens.me\my-personal-website

[debug] [2024-04-03T02:21:40.886Z] <<< [apiv2][status] GET https://firebase-public.firebaseio.com/cli.json 200
[debug] [2024-04-03T02:21:40.887Z] <<< [apiv2][body] GET https://firebase-public.firebaseio.com/cli.json {"cloudBuildErrorAfter":1594252800000,"cloudBuildWarnAfter":1590019200000,"defaultNode10After":1594252800000,"minVersion":"3.0.5","node8DeploysDisabledAfter":1613390400000,"node8RuntimeDisabledAfter":1615809600000,"node8WarnAfter":1600128000000}
[info] 
=== Project Setup
[info] 
[info] First, let's associate this project directory with a Firebase project.
[info] You can create multiple project aliases by running firebase use --add, 
[info] but for now we'll just set up a default project.
[info] 
[debug] [2024-04-03T02:22:45.567Z] > refreshing access token with scopes: []
[debug] [2024-04-03T02:22:45.568Z] >>> [apiv2][query] POST https://www.googleapis.com/oauth2/v3/token [none]
[debug] [2024-04-03T02:22:45.568Z] >>> [apiv2][body] POST https://www.googleapis.com/oauth2/v3/token [omitted]
[debug] [2024-04-03T02:22:45.696Z] <<< [apiv2][status] POST https://www.googleapis.com/oauth2/v3/token 400
[debug] [2024-04-03T02:22:45.696Z] <<< [apiv2][body] POST https://www.googleapis.com/oauth2/v3/token [omitted]
[debug] [2024-04-03T02:22:45.697Z] >>> [apiv2][query] GET https://firebase.googleapis.com/v1beta1/projects pageSize=100
[debug] [2024-04-03T02:22:45.833Z] <<< [apiv2][status] GET https://firebase.googleapis.com/v1beta1/projects 401
[debug] [2024-04-03T02:22:45.833Z] <<< [apiv2][body] GET https://firebase.googleapis.com/v1beta1/projects [omitted]
[debug] [2024-04-03T02:22:45.833Z] HTTP Error: 401, Request had invalid authentication credentials. Expected OAuth 2 access token, login cookie or other valid authentication credential. See https://developers.google.com/identity/sign-in/web/devconsole-project.
[debug] [2024-04-03T02:22:45.945Z] FirebaseError: HTTP Error: 401, Request had invalid authentication credentials. Expected OAuth 2 access token, login cookie or other valid authentication credential. See https://developers.google.com/identity/sign-in/web/devconsole-project.
    at responseToError (C:\Users\marte\AppData\Roaming\npm\node_modules\firebase-tools\lib\responseToError.js:49:12)
    at RetryOperation._fn (C:\Users\marte\AppData\Roaming\npm\node_modules\firebase-tools\lib\apiv2.js:299:77)
    at process.processTicksAndRejections (node:internal/process/task_queues:95:5)
[error] 
[error] Error: Failed to list Firebase projects. See firebase-debug.log for more info.
[debug] [2024-04-03T02:23:06.359Z] ----------------------------------------------------------------------
[debug] [2024-04-03T02:23:06.367Z] Command:       C:\Program Files\nodejs\node.exe C:\Users\marte\AppData\Roaming\npm\node_modules\firebase-tools\lib\bin\firebase.js init
[debug] [2024-04-03T02:23:06.367Z] CLI Version:   13.6.1
[debug] [2024-04-03T02:23:06.368Z] Platform:      win32
[debug] [2024-04-03T02:23:06.368Z] Node Version:  v18.13.0
[debug] [2024-04-03T02:23:06.377Z] Time:          Tue Apr 02 2024 22:23:06 GMT-0400 (Eastern Daylight Time)
[debug] [2024-04-03T02:23:06.377Z] ----------------------------------------------------------------------
[debug] 
[debug] [2024-04-03T02:23:06.390Z] > command requires scopes: ["email","openid","https://www.googleapis.com/auth/cloudplatformprojects.readonly","https://www.googleapis.com/auth/firebase","https://www.googleapis.com/auth/cloud-platform"]
[debug] [2024-04-03T02:23:06.390Z] > authorizing via signed-in user (martensalec@gmail.com)
[info] 
     ######## #### ########  ######## ########     ###     ######  ########
     ##        ##  ##     ## ##       ##     ##  ##   ##  ##       ##
     ######    ##  ########  ######   ########  #########  ######  ######
     ##        ##  ##    ##  ##       ##     ## ##     ##       ## ##
     ##       #### ##     ## ######## ########  ##     ##  ######  ########

You're about to initialize a Firebase project in this directory:

  C:\Users\marte\OneDrive\Documents\Code\alecmartens.me\my-personal-website

[info] 
=== Project Setup
[info] 
[info] First, let's associate this project directory with a Firebase project.
[info] You can create multiple project aliases by running firebase use --add, 
[info] but for now we'll just set up a default project.
[info] 
[info] i  If you want to create a project in a Google Cloud organization or folder, please use "firebase projects:create" instead, and return to this command when you've created the project. 
[debug] [2024-04-03T02:23:57.665Z] > refreshing access token with scopes: []
[debug] [2024-04-03T02:23:57.668Z] >>> [apiv2][query] POST https://www.googleapis.com/oauth2/v3/token [none]
[debug] [2024-04-03T02:23:57.668Z] >>> [apiv2][body] POST https://www.googleapis.com/oauth2/v3/token [omitted]
[debug] [2024-04-03T02:23:57.894Z] <<< [apiv2][status] POST https://www.googleapis.com/oauth2/v3/token 400
[debug] [2024-04-03T02:23:57.894Z] <<< [apiv2][body] POST https://www.googleapis.com/oauth2/v3/token [omitted]
[debug] [2024-04-03T02:23:57.895Z] >>> [apiv2][query] POST https://cloudresourcemanager.googleapis.com/v1/projects [none]
[debug] [2024-04-03T02:23:57.895Z] >>> [apiv2][body] POST https://cloudresourcemanager.googleapis.com/v1/projects {"projectId":"my-personal-website","name":"Alec's Website"}
[debug] [2024-04-03T02:23:58.018Z] <<< [apiv2][status] POST https://cloudresourcemanager.googleapis.com/v1/projects 401
[debug] [2024-04-03T02:23:58.019Z] <<< [apiv2][body] POST https://cloudresourcemanager.googleapis.com/v1/projects {"error":{"code":401,"message":"Request had invalid authentication credentials. Expected OAuth 2 access token, login cookie or other valid authentication credential. See https://developers.google.com/identity/sign-in/web/devconsole-project.","status":"UNAUTHENTICATED","details":[{"@type":"type.googleapis.com/google.rpc.ErrorInfo","reason":"ACCESS_TOKEN_TYPE_UNSUPPORTED","metadata":{"service":"cloudresourcemanager.googleapis.com","method":"google.cloudresourcemanager.v1.Projects.CreateProject"}}]}}
[debug] [2024-04-03T02:23:58.098Z] FirebaseError: HTTP Error: 401, Request had invalid authentication credentials. Expected OAuth 2 access token, login cookie or other valid authentication credential. See https://developers.google.com/identity/sign-in/web/devconsole-project.
    at responseToError (C:\Users\marte\AppData\Roaming\npm\node_modules\firebase-tools\lib\responseToError.js:49:12)
    at RetryOperation._fn (C:\Users\marte\AppData\Roaming\npm\node_modules\firebase-tools\lib\apiv2.js:299:77)
    at process.processTicksAndRejections (node:internal/process/task_queues:95:5)
[error] 
[error] Error: Failed to create project. See firebase-debug.log for more info.
